Command line arguments: --alias pg12
Current user id: uid=26(postgres) gid=26(postgres) groups=26(postgres) context=unconfined_u:unconfined_r:unconfined_t:s0-s0:c0.c1023
--------------------------------------------------------------------------------------------------------------------------------

[0;32m
----------------------------------------------------------------------------
[   Creating directories in /u00/app/pgsql/pg12
----------------------------------------------------------------------------
[0m
[0;32m
----------------------------------------------------------------------------
[   Initialize PostgreSQL CLuster
----------------------------------------------------------------------------
[0m
The files belonging to this database system will be owned by user "postgres".
This user must also own the server process.

The database cluster will be initialized with locale "en_US.UTF-8".
The default text search configuration will be set to "english".

Data page checksums are enabled.

fixing permissions on existing directory /u00/app/pgsql/pg12/data ... ok
creating subdirectories ... ok
selecting dynamic shared memory implementation ... posix
selecting default max_connections ... 100
selecting default shared_buffers ... 128MB
selecting default time zone ... America/New_York
creating configuration files ... ok
running bootstrap script ... ok
performing post-bootstrap initialization ... ok
syncing data to disk ... ok

initdb: warning: enabling "trust" authentication for local connections
You can change this by editing pg_hba.conf or using the option -A, or
--auth-local and --auth-host, the next time you run initdb.

Success. You can now start the database server using:

    /usr/pgsql-12/bin/pg_ctl -D /u00/app/pgsql/pg12/data -l logfile start

[0;32m
----------------------------------------------------------------------------
[   Moving config files to /u00/app/pgsql/pg12/etc
----------------------------------------------------------------------------
[0m
[0;32m
----------------------------------------------------------------------------
[   Copy certificates
----------------------------------------------------------------------------
[0m
[0;32m
----------------------------------------------------------------------------
[   Updating pg_hba.conf
----------------------------------------------------------------------------
[0m
[0;32m
----------------------------------------------------------------------------
[   Updating parameters in postgresql.conf
----------------------------------------------------------------------------
[0m
[0;32m
----------------------------------------------------------------------------
[   Manually testing new cluster
----------------------------------------------------------------------------
[0m
waiting for server to start.... done
server started
[0;32m
----------------------------------------------------------------------------
[   Generating /u00/app/pgsql/pg12/scripts/start.sh.
----------------------------------------------------------------------------
[0m
[0;32m
----------------------------------------------------------------------------
[   Generating /u00/app/pgsql/pg12/scripts/root.sh file.
----------------------------------------------------------------------------
[0m
[0;32m
----------------------------------------------------------------------------
[   Adding entry into pgclustertab file.
----------------------------------------------------------------------------
[0m
[0;32m
----------------------------------------------------------------------------
[   Adding entry into ~/.pgpass for superuser.
----------------------------------------------------------------------------
[0m

INFO: Please execute /u00/app/pgsql/pg12/scripts/root.sh as root user.
 
        It will execute following steps:
           1. Create service file for this cluster. (/etc/systemd/system/postgresql-pg12.service)
           2. Start the service postgresql-pg12.service
           3. Execute in-cluster actions.
 
