Command line arguments: --alias pg12
Current user id: uid=26(postgres) gid=26(postgres) groups=26(postgres) context=unconfined_u:unconfined_r:unconfined_t:s0-s0:c0.c1023
--------------------------------------------------------------------------------------------------------------------------------

[0;32m
----------------------------------------------------------------------------
[   Stopping cluster.
----------------------------------------------------------------------------
[0m
Failed to stop postgresql-pg12.service: Unit postgresql-pg12.service not loaded.
[0;32m
----------------------------------------------------------------------------
[   Removing  directory.
----------------------------------------------------------------------------
[0m
[0;32m
----------------------------------------------------------------------------
[   Removing entry from pgclustertab file.
----------------------------------------------------------------------------
[0m
[0;32m
----------------------------------------------------------------------------
[   Removing entries from ~/.pgpass for port 5441.
----------------------------------------------------------------------------
[0m

INFO: Please execute /tmp/pg_rm_service.sh as root user to remove service file for this cluster.
 

Logfile of this execution: /var/lib/pgsql/tvdtoolbox/pgoperate/log/remove_cluster.sh_20200922_003108.log

